<?xml version="1.0" encoding="UTF-8"?>
<coverage generated="1680946377937" clover="3.2.0">
  <project timestamp="1680946377938" name="All files">
    <metrics statements="38" coveredstatements="29" conditionals="12" coveredconditionals="4" methods="21" coveredmethods="18" elements="71" coveredelements="51" complexity="0" loc="38" ncloc="38" packages="13" files="16" classes="16"/>
    <package name="src">
      <metrics statements="2" coveredstatements="1" conditionals="0" coveredconditionals="0" methods="1" coveredmethods="1"/>
      <file name="App.tsx" path="E:/1 ДИСК E/JavaScript/Stage-react/task-1/React-rsschool/vite-project/src/App.tsx">
        <metrics statements="1" coveredstatements="1" conditionals="0" coveredconditionals="0" methods="1" coveredmethods="1"/>
        <line num="11" count="1" type="stmt"/>
      </file>
      <file name="main.tsx" path="E:/1 ДИСК E/JavaScript/Stage-react/task-1/React-rsschool/vite-project/src/main.tsx">
        <metrics statements="1" coveredstatements="0" conditionals="0" coveredconditionals="0" methods="0" coveredmethods="0"/>
        <line num="6" count="0" type="stmt"/>
      </file>
    </package>
    <package name="src.components.card">
      <metrics statements="1" coveredstatements="1" conditionals="0" coveredconditionals="0" methods="1" coveredmethods="1"/>
      <file name="card.tsx" path="E:/1 ДИСК E/JavaScript/Stage-react/task-1/React-rsschool/vite-project/src/components/card/card.tsx">
        <metrics statements="1" coveredstatements="1" conditionals="0" coveredconditionals="0" methods="1" coveredmethods="1"/>
        <line num="5" count="12" type="stmt"/>
      </file>
    </package>
    <package name="src.components.footer">
      <metrics statements="1" coveredstatements="1" conditionals="0" coveredconditionals="0" methods="1" coveredmethods="1"/>
      <file name="footer.tsx" path="E:/1 ДИСК E/JavaScript/Stage-react/task-1/React-rsschool/vite-project/src/components/footer/footer.tsx">
        <metrics statements="1" coveredstatements="1" conditionals="0" coveredconditionals="0" methods="1" coveredmethods="1"/>
        <line num="4" count="4" type="stmt"/>
      </file>
    </package>
    <package name="src.components.form">
      <metrics statements="13" coveredstatements="5" conditionals="10" coveredconditionals="2" methods="4" coveredmethods="1"/>
      <file name="create-form.tsx" path="E:/1 ДИСК E/JavaScript/Stage-react/task-1/React-rsschool/vite-project/src/components/form/create-form.tsx">
        <metrics statements="13" coveredstatements="5" conditionals="10" coveredconditionals="2" methods="4" coveredmethods="1"/>
        <line num="13" count="3" type="stmt"/>
        <line num="14" count="3" type="stmt"/>
        <line num="15" count="3" type="stmt"/>
        <line num="17" count="3" type="stmt"/>
        <line num="18" count="0" type="stmt"/>
        <line num="27" count="0" type="stmt"/>
        <line num="28" count="0" type="stmt"/>
        <line num="29" count="0" type="stmt"/>
        <line num="32" count="3" type="stmt"/>
        <line num="101" count="0" type="cond" truecount="0" falsecount="4"/>
        <line num="102" count="0" type="stmt"/>
        <line num="103" count="0" type="stmt"/>
        <line num="115" count="0" type="stmt"/>
      </file>
    </package>
    <package name="src.components.heder">
      <metrics statements="3" coveredstatements="3" conditionals="0" coveredconditionals="0" methods="3" coveredmethods="3"/>
      <file name="decoration-header.tsx" path="E:/1 ДИСК E/JavaScript/Stage-react/task-1/React-rsschool/vite-project/src/components/heder/decoration-header.tsx">
        <metrics statements="1" coveredstatements="1" conditionals="0" coveredconditionals="0" methods="1" coveredmethods="1"/>
        <line num="4" count="4" type="stmt"/>
      </file>
      <file name="header.tsx" path="E:/1 ДИСК E/JavaScript/Stage-react/task-1/React-rsschool/vite-project/src/components/heder/header.tsx">
        <metrics statements="1" coveredstatements="1" conditionals="0" coveredconditionals="0" methods="1" coveredmethods="1"/>
        <line num="6" count="4" type="stmt"/>
      </file>
      <file name="navigation-header.tsx" path="E:/1 ДИСК E/JavaScript/Stage-react/task-1/React-rsschool/vite-project/src/components/heder/navigation-header.tsx">
        <metrics statements="1" coveredstatements="1" conditionals="0" coveredconditionals="0" methods="1" coveredmethods="1"/>
        <line num="6" count="4" type="stmt"/>
      </file>
    </package>
    <package name="src.components.search-form">
      <metrics statements="9" coveredstatements="9" conditionals="2" coveredconditionals="2" methods="5" coveredmethods="5"/>
      <file name="search-form.tsx" path="E:/1 ДИСК E/JavaScript/Stage-react/task-1/React-rsschool/vite-project/src/components/search-form/search-form.tsx">
        <metrics statements="9" coveredstatements="9" conditionals="2" coveredconditionals="2" methods="5" coveredmethods="5"/>
        <line num="6" count="9" type="cond" truecount="2" falsecount="0"/>
        <line num="9" count="5" type="stmt"/>
        <line num="10" count="5" type="stmt"/>
        <line num="14" count="1" type="stmt"/>
        <line num="15" count="1" type="stmt"/>
        <line num="16" count="1" type="stmt"/>
        <line num="19" count="9" type="stmt"/>
        <line num="26" count="5" type="stmt"/>
        <line num="30" count="1" type="stmt"/>
      </file>
    </package>
    <package name="src.components.visitor-card">
      <metrics statements="1" coveredstatements="1" conditionals="0" coveredconditionals="0" methods="1" coveredmethods="1"/>
      <file name="visitor-card.tsx" path="E:/1 ДИСК E/JavaScript/Stage-react/task-1/React-rsschool/vite-project/src/components/visitor-card/visitor-card.tsx">
        <metrics statements="1" coveredstatements="1" conditionals="0" coveredconditionals="0" methods="1" coveredmethods="1"/>
        <line num="5" count="1" type="stmt"/>
      </file>
    </package>
    <package name="src.data">
      <metrics statements="1" coveredstatements="1" conditionals="0" coveredconditionals="0" methods="0" coveredmethods="0"/>
      <file name="cards-info.ts" path="E:/1 ДИСК E/JavaScript/Stage-react/task-1/React-rsschool/vite-project/src/data/cards-info.ts">
        <metrics statements="1" coveredstatements="1" conditionals="0" coveredconditionals="0" methods="0" coveredmethods="0"/>
        <line num="20" count="1" type="stmt"/>
      </file>
    </package>
    <package name="src.pages.404-page">
      <metrics statements="1" coveredstatements="1" conditionals="0" coveredconditionals="0" methods="1" coveredmethods="1"/>
      <file name="404-page.tsx" path="E:/1 ДИСК E/JavaScript/Stage-react/task-1/React-rsschool/vite-project/src/pages/404-page/404-page.tsx">
        <metrics statements="1" coveredstatements="1" conditionals="0" coveredconditionals="0" methods="1" coveredmethods="1"/>
        <line num="7" count="1" type="stmt"/>
      </file>
    </package>
    <package name="src.pages.about-page">
      <metrics statements="1" coveredstatements="1" conditionals="0" coveredconditionals="0" methods="1" coveredmethods="1"/>
      <file name="about-page.tsx" path="E:/1 ДИСК E/JavaScript/Stage-react/task-1/React-rsschool/vite-project/src/pages/about-page/about-page.tsx">
        <metrics statements="1" coveredstatements="1" conditionals="0" coveredconditionals="0" methods="1" coveredmethods="1"/>
        <line num="6" count="1" type="stmt"/>
      </file>
    </package>
    <package name="src.pages.forms-page">
      <metrics statements="1" coveredstatements="1" conditionals="0" coveredconditionals="0" methods="1" coveredmethods="1"/>
      <file name="forms-page.tsx" path="E:/1 ДИСК E/JavaScript/Stage-react/task-1/React-rsschool/vite-project/src/pages/forms-page/forms-page.tsx">
        <metrics statements="1" coveredstatements="1" conditionals="0" coveredconditionals="0" methods="1" coveredmethods="1"/>
        <line num="7" count="1" type="stmt"/>
      </file>
    </package>
    <package name="src.pages.main-page">
      <metrics statements="2" coveredstatements="2" conditionals="0" coveredconditionals="0" methods="2" coveredmethods="2"/>
      <file name="main-page.tsx" path="E:/1 ДИСК E/JavaScript/Stage-react/task-1/React-rsschool/vite-project/src/pages/main-page/main-page.tsx">
        <metrics statements="2" coveredstatements="2" conditionals="0" coveredconditionals="0" methods="2" coveredmethods="2"/>
        <line num="9" count="1" type="stmt"/>
        <line num="18" count="11" type="stmt"/>
      </file>
    </package>
    <package name="src.utils.const">
      <metrics statements="2" coveredstatements="2" conditionals="0" coveredconditionals="0" methods="0" coveredmethods="0"/>
      <file name="const.ts" path="E:/1 ДИСК E/JavaScript/Stage-react/task-1/React-rsschool/vite-project/src/utils/const/const.ts">
        <metrics statements="2" coveredstatements="2" conditionals="0" coveredconditionals="0" methods="0" coveredmethods="0"/>
        <line num="1" count="5" type="stmt"/>
        <line num="7" count="5" type="stmt"/>
      </file>
    </package>
  </project>
</coverage>
