{"E:/1 ДИСК E/JavaScript/Stage-react/task-1/React-rsschool/vite-project/jest.setup.js": {"path":"E:/1 ДИСК E/JavaScript/Stage-react/task-1/React-rsschool/vite-project/jest.setup.js","statementMap":{"0":{"start":{"line":4,"column":0},"end":{"line":4,"column":32}},"1":{"start":{"line":4,"column":16},"end":{"line":4,"column":31}},"2":{"start":{"line":5,"column":0},"end":{"line":5,"column":39}},"3":{"start":{"line":5,"column":16},"end":{"line":5,"column":38}},"4":{"start":{"line":6,"column":0},"end":{"line":6,"column":null}},"5":{"start":{"line":6,"column":15},"end":{"line":6,"column":29}}},"fnMap":{"0":{"name":"(anonymous_0)","decl":{"start":{"line":4,"column":10},"end":{"line":4,"column":11}},"loc":{"start":{"line":4,"column":16},"end":{"line":4,"column":31}}},"1":{"name":"(anonymous_1)","decl":{"start":{"line":5,"column":10},"end":{"line":5,"column":11}},"loc":{"start":{"line":5,"column":16},"end":{"line":5,"column":38}}},"2":{"name":"(anonymous_2)","decl":{"start":{"line":6,"column":9},"end":{"line":6,"column":10}},"loc":{"start":{"line":6,"column":15},"end":{"line":6,"column":29}}}},"branchMap":{},"s":{"0":0,"1":0,"2":0,"3":0,"4":0,"5":0},"f":{"0":0,"1":0,"2":0},"b":{}}
,"E:/1 ДИСК E/JavaScript/Stage-react/task-1/React-rsschool/vite-project/mocks/handlers.ts": {"path":"E:/1 ДИСК E/JavaScript/Stage-react/task-1/React-rsschool/vite-project/mocks/handlers.ts","statementMap":{"0":{"start":{"line":3,"column":20},"end":{"line":34,"column":null}},"1":{"start":{"line":36,"column":17},"end":{"line":43,"column":null}},"2":{"start":{"line":38,"column":4},"end":{"line":41,"column":null}}},"fnMap":{"0":{"name":"(anonymous_0)","decl":{"start":{"line":37,"column":57},"end":{"line":37,"column":58}},"loc":{"start":{"line":37,"column":76},"end":{"line":42,"column":3}}}},"branchMap":{},"s":{"0":1,"1":1,"2":0},"f":{"0":0},"b":{}}
,"E:/1 ДИСК E/JavaScript/Stage-react/task-1/React-rsschool/vite-project/mocks/server.js": {"path":"E:/1 ДИСК E/JavaScript/Stage-react/task-1/React-rsschool/vite-project/mocks/server.js","statementMap":{"0":{"start":{"line":4,"column":22},"end":{"line":4,"column":46}}},"fnMap":{},"branchMap":{},"s":{"0":0},"f":{},"b":{}}
,"E:/1 ДИСК E/JavaScript/Stage-react/task-1/React-rsschool/vite-project/src/App.tsx": {"path":"E:/1 ДИСК E/JavaScript/Stage-react/task-1/React-rsschool/vite-project/src/App.tsx","statementMap":{"0":{"start":{"line":11,"column":2},"end":{"line":19,"column":null}}},"fnMap":{"0":{"name":"App","decl":{"start":{"line":10,"column":9},"end":{"line":10,"column":15}},"loc":{"start":{"line":10,"column":15},"end":{"line":21,"column":null}}}},"branchMap":{},"s":{"0":5},"f":{"0":5},"b":{}}
,"E:/1 ДИСК E/JavaScript/Stage-react/task-1/React-rsschool/vite-project/src/main.tsx": {"path":"E:/1 ДИСК E/JavaScript/Stage-react/task-1/React-rsschool/vite-project/src/main.tsx","statementMap":{"0":{"start":{"line":9,"column":0},"end":{"line":15,"column":null}}},"fnMap":{},"branchMap":{},"s":{"0":0},"f":{},"b":{}}
,"E:/1 ДИСК E/JavaScript/Stage-react/task-1/React-rsschool/vite-project/src/components/api-cards/api-cards.tsx": {"path":"E:/1 ДИСК E/JavaScript/Stage-react/task-1/React-rsschool/vite-project/src/components/api-cards/api-cards.tsx","statementMap":{"0":{"start":{"line":5,"column":2},"end":{"line":25,"column":null}},"1":{"start":{"line":18,"column":12},"end":{"line":18,"column":null}},"2":{"start":{"line":19,"column":12},"end":{"line":19,"column":null}}},"fnMap":{"0":{"name":"ApiCards","decl":{"start":{"line":4,"column":24},"end":{"line":4,"column":33}},"loc":{"start":{"line":4,"column":92},"end":{"line":27,"column":null}}},"1":{"name":"(anonymous_1)","decl":{"start":{"line":17,"column":19},"end":{"line":17,"column":25}},"loc":{"start":{"line":17,"column":25},"end":{"line":20,"column":null}}}},"branchMap":{},"s":{"0":1,"1":0,"2":0},"f":{"0":1,"1":0},"b":{}}
,"E:/1 ДИСК E/JavaScript/Stage-react/task-1/React-rsschool/vite-project/src/components/card/card.tsx": {"path":"E:/1 ДИСК E/JavaScript/Stage-react/task-1/React-rsschool/vite-project/src/components/card/card.tsx","statementMap":{"0":{"start":{"line":5,"column":2},"end":{"line":17,"column":null}}},"fnMap":{"0":{"name":"Card","decl":{"start":{"line":4,"column":24},"end":{"line":4,"column":29}},"loc":{"start":{"line":4,"column":65},"end":{"line":19,"column":null}}}},"branchMap":{},"s":{"0":1},"f":{"0":1},"b":{}}
,"E:/1 ДИСК E/JavaScript/Stage-react/task-1/React-rsschool/vite-project/src/components/footer/footer.tsx": {"path":"E:/1 ДИСК E/JavaScript/Stage-react/task-1/React-rsschool/vite-project/src/components/footer/footer.tsx","statementMap":{"0":{"start":{"line":4,"column":2},"end":{"line":17,"column":null}}},"fnMap":{"0":{"name":"Footer","decl":{"start":{"line":3,"column":24},"end":{"line":3,"column":33}},"loc":{"start":{"line":3,"column":33},"end":{"line":19,"column":null}}}},"branchMap":{},"s":{"0":4},"f":{"0":4},"b":{}}
,"E:/1 ДИСК E/JavaScript/Stage-react/task-1/React-rsschool/vite-project/src/components/form/create-form.tsx": {"path":"E:/1 ДИСК E/JavaScript/Stage-react/task-1/React-rsschool/vite-project/src/components/form/create-form.tsx","statementMap":{"0":{"start":{"line":14,"column":19},"end":{"line":14,"column":null}},"1":{"start":{"line":14,"column":53},"end":{"line":14,"column":78}},"2":{"start":{"line":15,"column":19},"end":{"line":15,"column":null}},"3":{"start":{"line":22,"column":6},"end":{"line":22,"column":null}},"4":{"start":{"line":23,"column":32},"end":{"line":23,"column":null}},"5":{"start":{"line":25,"column":19},"end":{"line":40,"column":null}},"6":{"start":{"line":26,"column":27},"end":{"line":34,"column":null}},"7":{"start":{"line":36,"column":4},"end":{"line":36,"column":null}},"8":{"start":{"line":38,"column":4},"end":{"line":38,"column":null}},"9":{"start":{"line":39,"column":4},"end":{"line":39,"column":null}},"10":{"start":{"line":42,"column":2},"end":{"line":138,"column":null}},"11":{"start":{"line":111,"column":14},"end":{"line":114,"column":null}},"12":{"start":{"line":112,"column":29},"end":{"line":112,"column":null}},"13":{"start":{"line":113,"column":16},"end":{"line":113,"column":null}},"14":{"start":{"line":125,"column":10},"end":{"line":134,"column":null}}},"fnMap":{"0":{"name":"CreateForm","decl":{"start":{"line":12,"column":24},"end":{"line":12,"column":37}},"loc":{"start":{"line":12,"column":37},"end":{"line":140,"column":null}}},"1":{"name":"(anonymous_1)","decl":{"start":{"line":14,"column":31},"end":{"line":14,"column":32}},"loc":{"start":{"line":14,"column":53},"end":{"line":14,"column":78}}},"2":{"name":"(anonymous_2)","decl":{"start":{"line":25,"column":32},"end":{"line":25,"column":33}},"loc":{"start":{"line":25,"column":42},"end":{"line":40,"column":3}}},"3":{"name":"(anonymous_3)","decl":{"start":{"line":110,"column":22},"end":{"line":110,"column":23}},"loc":{"start":{"line":110,"column":29},"end":{"line":115,"column":null}}},"4":{"name":"(anonymous_4)","decl":{"start":{"line":124,"column":22},"end":{"line":124,"column":23}},"loc":{"start":{"line":124,"column":32},"end":{"line":136,"column":9}}}},"branchMap":{"0":{"loc":{"start":{"line":50,"column":23},"end":{"line":50,"column":null}},"type":"cond-expr","locations":[{"start":{"line":50,"column":37},"end":{"line":50,"column":58}},{"start":{"line":50,"column":58},"end":{"line":50,"column":null}}]},"1":{"loc":{"start":{"line":63,"column":23},"end":{"line":63,"column":null}},"type":"cond-expr","locations":[{"start":{"line":63,"column":37},"end":{"line":63,"column":58}},{"start":{"line":63,"column":58},"end":{"line":63,"column":null}}]},"2":{"loc":{"start":{"line":111,"column":14},"end":{"line":114,"column":null}},"type":"if","locations":[{"start":{"line":111,"column":14},"end":{"line":114,"column":null}},{"start":{"line":111,"column":14},"end":{"line":114,"column":null}}]},"3":{"loc":{"start":{"line":111,"column":18},"end":{"line":111,"column":55}},"type":"binary-expr","locations":[{"start":{"line":111,"column":18},"end":{"line":111,"column":36}},{"start":{"line":111,"column":36},"end":{"line":111,"column":55}}]},"4":{"loc":{"start":{"line":132,"column":22},"end":{"line":132,"column":null}},"type":"cond-expr","locations":[{"start":{"line":132,"column":36},"end":{"line":132,"column":56}},{"start":{"line":132,"column":56},"end":{"line":132,"column":null}}]}},"s":{"0":14,"1":0,"2":0,"3":0,"4":0,"5":0,"6":0,"7":0,"8":0,"9":0,"10":0,"11":0,"12":0,"13":0,"14":0},"f":{"0":14,"1":0,"2":0,"3":0,"4":0},"b":{"0":[0,0],"1":[0,0],"2":[0,0],"3":[0,0],"4":[0,0]}}
,"E:/1 ДИСК E/JavaScript/Stage-react/task-1/React-rsschool/vite-project/src/components/heder/decoration-header.tsx": {"path":"E:/1 ДИСК E/JavaScript/Stage-react/task-1/React-rsschool/vite-project/src/components/heder/decoration-header.tsx","statementMap":{"0":{"start":{"line":4,"column":2},"end":{"line":7,"column":null}}},"fnMap":{"0":{"name":"DecoratioHeader","decl":{"start":{"line":3,"column":24},"end":{"line":3,"column":42}},"loc":{"start":{"line":3,"column":42},"end":{"line":9,"column":null}}}},"branchMap":{},"s":{"0":4},"f":{"0":4},"b":{}}
,"E:/1 ДИСК E/JavaScript/Stage-react/task-1/React-rsschool/vite-project/src/components/heder/header.tsx": {"path":"E:/1 ДИСК E/JavaScript/Stage-react/task-1/React-rsschool/vite-project/src/components/heder/header.tsx","statementMap":{"0":{"start":{"line":6,"column":2},"end":{"line":12,"column":null}}},"fnMap":{"0":{"name":"Header","decl":{"start":{"line":5,"column":24},"end":{"line":5,"column":33}},"loc":{"start":{"line":5,"column":33},"end":{"line":14,"column":null}}}},"branchMap":{},"s":{"0":4},"f":{"0":4},"b":{}}
,"E:/1 ДИСК E/JavaScript/Stage-react/task-1/React-rsschool/vite-project/src/components/heder/navigation-header.tsx": {"path":"E:/1 ДИСК E/JavaScript/Stage-react/task-1/React-rsschool/vite-project/src/components/heder/navigation-header.tsx","statementMap":{"0":{"start":{"line":6,"column":2},"end":{"line":23,"column":null}}},"fnMap":{"0":{"name":"NavigationHeader","decl":{"start":{"line":5,"column":24},"end":{"line":5,"column":43}},"loc":{"start":{"line":5,"column":43},"end":{"line":25,"column":null}}}},"branchMap":{},"s":{"0":4},"f":{"0":4},"b":{}}
,"E:/1 ДИСК E/JavaScript/Stage-react/task-1/React-rsschool/vite-project/src/components/modal-card/modal-card.tsx": {"path":"E:/1 ДИСК E/JavaScript/Stage-react/task-1/React-rsschool/vite-project/src/components/modal-card/modal-card.tsx","statementMap":{"0":{"start":{"line":7,"column":36},"end":{"line":7,"column":null}},"1":{"start":{"line":8,"column":36},"end":{"line":8,"column":null}},"2":{"start":{"line":10,"column":2},"end":{"line":17,"column":null}},"3":{"start":{"line":11,"column":4},"end":{"line":16,"column":null}},"4":{"start":{"line":12,"column":26},"end":{"line":12,"column":41}},"5":{"start":{"line":14,"column":8},"end":{"line":14,"column":null}},"6":{"start":{"line":15,"column":8},"end":{"line":15,"column":null}},"7":{"start":{"line":19,"column":2},"end":{"line":63,"column":null}},"8":{"start":{"line":20,"column":51},"end":{"line":20,"column":null}},"9":{"start":{"line":21,"column":50},"end":{"line":21,"column":null}},"10":{"start":{"line":34,"column":31},"end":{"line":34,"column":null}}},"fnMap":{"0":{"name":"ModalCard","decl":{"start":{"line":6,"column":24},"end":{"line":6,"column":34}},"loc":{"start":{"line":6,"column":72},"end":{"line":65,"column":null}}},"1":{"name":"(anonymous_1)","decl":{"start":{"line":10,"column":12},"end":{"line":10,"column":18}},"loc":{"start":{"line":10,"column":18},"end":{"line":17,"column":5}}},"2":{"name":"(anonymous_2)","decl":{"start":{"line":12,"column":12},"end":{"line":12,"column":13}},"loc":{"start":{"line":12,"column":26},"end":{"line":12,"column":41}}},"3":{"name":"(anonymous_3)","decl":{"start":{"line":13,"column":12},"end":{"line":13,"column":13}},"loc":{"start":{"line":13,"column":22},"end":{"line":16,"column":7}}},"4":{"name":"(anonymous_4)","decl":{"start":{"line":20,"column":45},"end":{"line":20,"column":51}},"loc":{"start":{"line":20,"column":51},"end":{"line":20,"column":null}}},"5":{"name":"(anonymous_5)","decl":{"start":{"line":21,"column":43},"end":{"line":21,"column":44}},"loc":{"start":{"line":21,"column":50},"end":{"line":21,"column":null}}},"6":{"name":"(anonymous_6)","decl":{"start":{"line":34,"column":25},"end":{"line":34,"column":31}},"loc":{"start":{"line":34,"column":31},"end":{"line":34,"column":null}}}},"branchMap":{"0":{"loc":{"start":{"line":22,"column":9},"end":{"line":22,"column":null}},"type":"binary-expr","locations":[{"start":{"line":22,"column":9},"end":{"line":22,"column":22}},{"start":{"line":22,"column":22},"end":{"line":22,"column":null}}]},"1":{"loc":{"start":{"line":23,"column":9},"end":{"line":60,"column":null}},"type":"binary-expr","locations":[{"start":{"line":23,"column":9},"end":{"line":23,"column":null}},{"start":{"line":24,"column":10},"end":{"line":60,"column":null}}]},"2":{"loc":{"start":{"line":50,"column":19},"end":{"line":50,"column":null}},"type":"cond-expr","locations":[{"start":{"line":50,"column":44},"end":{"line":50,"column":56}},{"start":{"line":50,"column":56},"end":{"line":50,"column":null}}]}},"s":{"0":0,"1":0,"2":0,"3":0,"4":0,"5":0,"6":0,"7":0,"8":0,"9":0,"10":0},"f":{"0":0,"1":0,"2":0,"3":0,"4":0,"5":0,"6":0},"b":{"0":[0,0],"1":[0,0],"2":[0,0]}}
,"E:/1 ДИСК E/JavaScript/Stage-react/task-1/React-rsschool/vite-project/src/components/search-form/search-form.tsx": {"path":"E:/1 ДИСК E/JavaScript/Stage-react/task-1/React-rsschool/vite-project/src/components/search-form/search-form.tsx","statementMap":{"0":{"start":{"line":11,"column":19},"end":{"line":11,"column":null}},"1":{"start":{"line":16,"column":4},"end":{"line":16,"column":null}},"2":{"start":{"line":17,"column":4},"end":{"line":17,"column":null}},"3":{"start":{"line":21,"column":4},"end":{"line":21,"column":null}},"4":{"start":{"line":22,"column":4},"end":{"line":22,"column":null}},"5":{"start":{"line":25,"column":2},"end":{"line":40,"column":null}},"6":{"start":{"line":32,"column":27},"end":{"line":32,"column":null}},"7":{"start":{"line":36,"column":32},"end":{"line":36,"column":51}}},"fnMap":{"0":{"name":"SearchForm","decl":{"start":{"line":8,"column":24},"end":{"line":8,"column":37}},"loc":{"start":{"line":8,"column":37},"end":{"line":42,"column":null}}},"1":{"name":"handleChangeInput","decl":{"start":{"line":15,"column":11},"end":{"line":15,"column":29}},"loc":{"start":{"line":15,"column":67},"end":{"line":18,"column":null}}},"2":{"name":"handleClickBtn","decl":{"start":{"line":20,"column":11},"end":{"line":20,"column":26}},"loc":{"start":{"line":20,"column":51},"end":{"line":23,"column":null}}},"3":{"name":"(anonymous_3)","decl":{"start":{"line":32,"column":20},"end":{"line":32,"column":21}},"loc":{"start":{"line":32,"column":27},"end":{"line":32,"column":null}}},"4":{"name":"(anonymous_4)","decl":{"start":{"line":36,"column":25},"end":{"line":36,"column":26}},"loc":{"start":{"line":36,"column":32},"end":{"line":36,"column":51}}}},"branchMap":{},"s":{"0":5,"1":0,"2":0,"3":0,"4":0,"5":0,"6":0,"7":0},"f":{"0":5,"1":0,"2":0,"3":0,"4":0},"b":{}}
,"E:/1 ДИСК E/JavaScript/Stage-react/task-1/React-rsschool/vite-project/src/components/visitor-card/visitor-card.tsx": {"path":"E:/1 ДИСК E/JavaScript/Stage-react/task-1/React-rsschool/vite-project/src/components/visitor-card/visitor-card.tsx","statementMap":{"0":{"start":{"line":5,"column":2},"end":{"line":19,"column":null}}},"fnMap":{"0":{"name":"VisitorCard","decl":{"start":{"line":4,"column":24},"end":{"line":4,"column":36}},"loc":{"start":{"line":4,"column":61},"end":{"line":21,"column":null}}}},"branchMap":{},"s":{"0":1},"f":{"0":1},"b":{}}
,"E:/1 ДИСК E/JavaScript/Stage-react/task-1/React-rsschool/vite-project/src/data/cards-info.ts": {"path":"E:/1 ДИСК E/JavaScript/Stage-react/task-1/React-rsschool/vite-project/src/data/cards-info.ts","statementMap":{"0":{"start":{"line":20,"column":34},"end":{"line":87,"column":null}}},"fnMap":{},"branchMap":{},"s":{"0":0},"f":{},"b":{}}
,"E:/1 ДИСК E/JavaScript/Stage-react/task-1/React-rsschool/vite-project/src/pages/404-page/404-page.tsx": {"path":"E:/1 ДИСК E/JavaScript/Stage-react/task-1/React-rsschool/vite-project/src/pages/404-page/404-page.tsx","statementMap":{"0":{"start":{"line":7,"column":2},"end":{"line":19,"column":null}}},"fnMap":{"0":{"name":"Page404","decl":{"start":{"line":6,"column":24},"end":{"line":6,"column":34}},"loc":{"start":{"line":6,"column":34},"end":{"line":21,"column":null}}}},"branchMap":{},"s":{"0":1},"f":{"0":1},"b":{}}
,"E:/1 ДИСК E/JavaScript/Stage-react/task-1/React-rsschool/vite-project/src/pages/about-page/about-page.tsx": {"path":"E:/1 ДИСК E/JavaScript/Stage-react/task-1/React-rsschool/vite-project/src/pages/about-page/about-page.tsx","statementMap":{"0":{"start":{"line":6,"column":2},"end":{"line":16,"column":null}}},"fnMap":{"0":{"name":"AboutPage","decl":{"start":{"line":5,"column":24},"end":{"line":5,"column":36}},"loc":{"start":{"line":5,"column":36},"end":{"line":18,"column":null}}}},"branchMap":{},"s":{"0":1},"f":{"0":1},"b":{}}
,"E:/1 ДИСК E/JavaScript/Stage-react/task-1/React-rsschool/vite-project/src/pages/forms-page/forms-page.tsx": {"path":"E:/1 ДИСК E/JavaScript/Stage-react/task-1/React-rsschool/vite-project/src/pages/forms-page/forms-page.tsx","statementMap":{"0":{"start":{"line":7,"column":2},"end":{"line":14,"column":null}}},"fnMap":{"0":{"name":"FormsPage","decl":{"start":{"line":6,"column":24},"end":{"line":6,"column":36}},"loc":{"start":{"line":6,"column":36},"end":{"line":16,"column":null}}}},"branchMap":{},"s":{"0":3},"f":{"0":3},"b":{}}
,"E:/1 ДИСК E/JavaScript/Stage-react/task-1/React-rsschool/vite-project/src/pages/main-page/main-page.tsx": {"path":"E:/1 ДИСК E/JavaScript/Stage-react/task-1/React-rsschool/vite-project/src/pages/main-page/main-page.tsx","statementMap":{"0":{"start":{"line":16,"column":15},"end":{"line":16,"column":null}},"1":{"start":{"line":16,"column":49},"end":{"line":16,"column":74}},"2":{"start":{"line":17,"column":33},"end":{"line":17,"column":null}},"3":{"start":{"line":18,"column":2},"end":{"line":18,"column":null}},"4":{"start":{"line":19,"column":32},"end":{"line":19,"column":null}},"5":{"start":{"line":20,"column":32},"end":{"line":20,"column":null}},"6":{"start":{"line":22,"column":2},"end":{"line":49,"column":null}},"7":{"start":{"line":34,"column":12},"end":{"line":43,"column":null}}},"fnMap":{"0":{"name":"MainPage","decl":{"start":{"line":14,"column":24},"end":{"line":14,"column":35}},"loc":{"start":{"line":14,"column":35},"end":{"line":51,"column":null}}},"1":{"name":"(anonymous_1)","decl":{"start":{"line":16,"column":27},"end":{"line":16,"column":28}},"loc":{"start":{"line":16,"column":49},"end":{"line":16,"column":74}}},"2":{"name":"(anonymous_2)","decl":{"start":{"line":33,"column":45},"end":{"line":33,"column":46}},"loc":{"start":{"line":33,"column":64},"end":{"line":45,"column":11}}}},"branchMap":{"0":{"loc":{"start":{"line":17,"column":9},"end":{"line":17,"column":20}},"type":"default-arg","locations":[{"start":{"line":17,"column":16},"end":{"line":17,"column":20}}]},"1":{"loc":{"start":{"line":24,"column":7},"end":{"line":24,"column":null}},"type":"binary-expr","locations":[{"start":{"line":24,"column":7},"end":{"line":24,"column":18}},{"start":{"line":24,"column":18},"end":{"line":24,"column":null}}]},"2":{"loc":{"start":{"line":31,"column":11},"end":{"line":31,"column":null}},"type":"binary-expr","locations":[{"start":{"line":31,"column":11},"end":{"line":31,"column":24}},{"start":{"line":31,"column":24},"end":{"line":31,"column":null}}]},"3":{"loc":{"start":{"line":32,"column":11},"end":{"line":32,"column":null}},"type":"binary-expr","locations":[{"start":{"line":32,"column":11},"end":{"line":32,"column":28}},{"start":{"line":32,"column":28},"end":{"line":32,"column":null}}]},"4":{"loc":{"start":{"line":33,"column":12},"end":{"line":45,"column":null}},"type":"binary-expr","locations":[{"start":{"line":33,"column":12},"end":{"line":33,"column":28}},{"start":{"line":33,"column":28},"end":{"line":45,"column":null}}]}},"s":{"0":9,"1":0,"2":0,"3":0,"4":0,"5":0,"6":0,"7":0},"f":{"0":9,"1":0,"2":0},"b":{"0":[0],"1":[0,0],"2":[0,0],"3":[0,0],"4":[0,0]}}
,"E:/1 ДИСК E/JavaScript/Stage-react/task-1/React-rsschool/vite-project/src/store/cardsFormSlice.ts": {"path":"E:/1 ДИСК E/JavaScript/Stage-react/task-1/React-rsschool/vite-project/src/store/cardsFormSlice.ts","statementMap":{"0":{"start":{"line":5,"column":26},"end":{"line":5,"column":null}},"1":{"start":{"line":7,"column":23},"end":{"line":17,"column":null}},"2":{"start":{"line":14,"column":12},"end":{"line":14,"column":null}},"3":{"start":{"line":19,"column":29},"end":{"line":19,"column":null}}},"fnMap":{"0":{"name":"(anonymous_0)","decl":{"start":{"line":13,"column":8},"end":{"line":13,"column":20}},"loc":{"start":{"line":13,"column":35},"end":{"line":15,"column":null}}}},"branchMap":{},"s":{"0":3,"1":3,"2":0,"3":3},"f":{"0":0},"b":{}}
,"E:/1 ДИСК E/JavaScript/Stage-react/task-1/React-rsschool/vite-project/src/store/cardsMainApi.ts": {"path":"E:/1 ДИСК E/JavaScript/Stage-react/task-1/React-rsschool/vite-project/src/store/cardsMainApi.ts","statementMap":{"0":{"start":{"line":3,"column":28},"end":{"line":11,"column":null}},"1":{"start":{"line":6,"column":25},"end":{"line":10,"column":null}},"2":{"start":{"line":8,"column":33},"end":{"line":8,"column":null}},"3":{"start":{"line":13,"column":40},"end":{"line":13,"column":null}}},"fnMap":{"0":{"name":"(anonymous_0)","decl":{"start":{"line":6,"column":13},"end":{"line":6,"column":14}},"loc":{"start":{"line":6,"column":25},"end":{"line":10,"column":null}}},"1":{"name":"(anonymous_1)","decl":{"start":{"line":8,"column":15},"end":{"line":8,"column":16}},"loc":{"start":{"line":8,"column":33},"end":{"line":8,"column":null}}}},"branchMap":{"0":{"loc":{"start":{"line":8,"column":37},"end":{"line":8,"column":null}},"type":"binary-expr","locations":[{"start":{"line":8,"column":37},"end":{"line":8,"column":45}},{"start":{"line":8,"column":45},"end":{"line":8,"column":null}}]}},"s":{"0":1,"1":1,"2":0,"3":1},"f":{"0":1,"1":0},"b":{"0":[0,0]}}
,"E:/1 ДИСК E/JavaScript/Stage-react/task-1/React-rsschool/vite-project/src/store/index.ts": {"path":"E:/1 ДИСК E/JavaScript/Stage-react/task-1/React-rsschool/vite-project/src/store/index.ts","statementMap":{"0":{"start":{"line":6,"column":20},"end":{"line":13,"column":null}},"1":{"start":{"line":12,"column":39},"end":{"line":12,"column":null}}},"fnMap":{"0":{"name":"(anonymous_0)","decl":{"start":{"line":12,"column":14},"end":{"line":12,"column":15}},"loc":{"start":{"line":12,"column":39},"end":{"line":12,"column":null}}}},"branchMap":{},"s":{"0":0,"1":0},"f":{"0":0},"b":{}}
,"E:/1 ДИСК E/JavaScript/Stage-react/task-1/React-rsschool/vite-project/src/store/textInputSlice.ts": {"path":"E:/1 ДИСК E/JavaScript/Stage-react/task-1/React-rsschool/vite-project/src/store/textInputSlice.ts","statementMap":{"0":{"start":{"line":4,"column":23},"end":{"line":14,"column":null}},"1":{"start":{"line":11,"column":12},"end":{"line":11,"column":null}},"2":{"start":{"line":16,"column":34},"end":{"line":16,"column":null}}},"fnMap":{"0":{"name":"(anonymous_0)","decl":{"start":{"line":10,"column":8},"end":{"line":10,"column":25}},"loc":{"start":{"line":10,"column":40},"end":{"line":12,"column":null}}}},"branchMap":{},"s":{"0":2,"1":0,"2":2},"f":{"0":0},"b":{}}
,"E:/1 ДИСК E/JavaScript/Stage-react/task-1/React-rsschool/vite-project/src/utils/const/const.ts": {"path":"E:/1 ДИСК E/JavaScript/Stage-react/task-1/React-rsschool/vite-project/src/utils/const/const.ts","statementMap":{"0":{"start":{"line":1,"column":15},"end":{"line":5,"column":null}},"1":{"start":{"line":7,"column":21},"end":{"line":7,"column":null}},"2":{"start":{"line":9,"column":16},"end":{"line":9,"column":null}}},"fnMap":{},"branchMap":{},"s":{"0":5,"1":5,"2":5},"f":{},"b":{}}
}
