{"E:/1 ДИСК E/JavaScript/Stage-react/task-1/React-rsschool/vite-project/src/components/footer/footer.tsx": {"path":"E:/1 ДИСК E/JavaScript/Stage-react/task-1/React-rsschool/vite-project/src/components/footer/footer.tsx","statementMap":{"0":{"start":{"line":6,"column":4},"end":{"line":19,"column":null}}},"fnMap":{"0":{"name":"(anonymous_0)","decl":{"start":{"line":5,"column":2},"end":{"line":5,"column":11}},"loc":{"start":{"line":5,"column":11},"end":{"line":21,"column":null}}}},"branchMap":{},"s":{"0":1},"f":{"0":1},"b":{}}
}
